-0.12504   0.249763   0.281322
0.007807   0.120584   0.269142
0.352507   -0.00433403   -0.0259872
-0.292114   0.0261041   0.36337
-0.126293   -0.232678   -0.187205
0.344664   0.433486   -0.242005
-0.111865   0.137325   -0.126616
-0.301895   -0.471584   0.46678
0.264224   0.342016   -0.10139
0.284574   -0.276524   -0.20934
0.175563   0.109158   -0.283472
-0.151104   -0.0629834   0.209884
0.277062   -0.437206   -0.323946
0.108263   0.152999   -0.490937
-0.284807   0.156689   0.244063
0.413353   0.181868   -0.489499
0.275821   0.355756   0.247258
0.494931   0.439687   -0.101218
0.270847   -0.466865   -0.494377
0.190066   -0.414726   0.133939
0.352721   0.485506   -0.180767
-0.161427   -0.0968909   0.345607
0.0291601   0.437933   -0.435243
0.027691   -0.0858271   -0.283112
0.333159   -0.348086   0.290259
0.222216   -0.393074   -0.361422
0.484953   -0.33832   0.220937
0.410484   -0.389219   0.00864163
-0.0996173   -0.227011   -0.363611
-0.146213   -0.150414   -0.224013
-0.0417987   0.489854   0.166433
0.190944   -0.0411977   -0.0919974
-0.229406   -0.333631   -0.210201
-0.214879   0.390289   0.40523
-0.224899   -0.304552   0.1931
-0.344727   -0.246762   0.119948
-0.447042   0.457699   0.15554
0.0236445   0.432765   -0.256708
-0.192952   -0.432685   0.129576
-0.0219818   -0.299865   -0.176531
-0.241148   0.379887   -0.330926
-0.0789228   -0.156264   0.379266
-0.416297   -0.237765   0.160833
-0.379043   -0.00431204   -0.388989
0.246382   -0.149755   0.362872
-0.00646227   0.00970292   -0.0388584
0.446959   -0.0807047   -0.379378
0.476711   -0.483622   -0.184944
-0.256771   0.398452   0.274999
-0.344393   0.00223721   0.31145
-0.126924   0.317685   -0.177237
-0.137999   -0.270353   0.165989
-0.431982   0.037649   0.316701
-0.259498   -0.3528   -0.317758
0.278648   0.363174   0.155318
-0.241995   -0.0401812   0.314138
-0.159087   -0.0178563   0.307491
-0.340609   -0.336385   0.388869
-0.0959141   -0.24748   0.421866
-0.481444   -0.185909   0.178266
-0.269389   0.0821968   -0.0455109
0.0514859   -0.446107   0.127093
-0.206211   -0.32059   0.106829
0.188273   -0.00131791   0.137518
0.204355   0.0880429   0.36281
0.358359   -0.376342   0.411681
-0.44456   -0.389723   -0.148485
-0.466937   -0.106833   -0.394914
-0.0215957   -0.439546   -0.0636727
-0.270227   -0.252185   -0.0851715
0.105076   0.0150248   -0.322395
0.415345   0.327841   0.199843
-0.0800575   -0.482737   -0.224967
0.103194   -0.303064   -0.427995
-0.328544   -0.0390824   0.242465
-0.0767977   0.354716   0.313881
0.435064   -0.420613   -0.405672
-0.0718495   0.20947   0.17259
0.190973   -0.123739   -0.298129
-0.0106071   -0.372481   -0.3041
-0.225621   0.375733   0.187104
0.230847   -0.450085   -0.0356192
0.365475   -0.0776305   0.497367
-0.381906   -0.110617   -0.428143
-0.244911   0.30179   -0.182279
0.372351   0.131124   -0.0980434
-0.261052   0.312492   -0.402557
0.275004   -0.13354   0.0978935
-0.342458   -0.372392   -0.0861215
0.148832   0.155967   0.177293
-0.274576   -0.0210886   -0.495428
0.493477   0.327079   0.214747
0.123552   0.215626   0.299236
0.333515   0.470737   0.000548135
0.381764   -0.0499622   -0.190718
-0.29122   -0.364174   0.459151
0.037948   0.348656   0.328709
-0.442612   0.17501   -0.423989
-0.3993   -0.0324109   0.208515
-0.160053   0.320684   -0.346322
-0.328649   0.29567   0.444486
-0.199411   0.267188   0.370492
-0.237108   -0.231106   0.292238
0.213114   0.46189   0.355682
0.370623   0.405788   0.389082
0.105773   0.132722   0.36838
-0.200292   -0.300117   0.277518
0.480976   -0.26066   0.1599
