-0.267058   -0.249728   0.492486
0.127669   -0.00428889   0.342164
-0.234215   0.271329   -0.234973
-0.265728   -0.0700722   0.349431
-0.0565966   -0.0496385   0.0908994
-0.184355   0.451117   0.279098
0.0683597   0.23567   0.198422
-0.234368   0.181574   -0.325749
-0.313684   0.161783   0.297788
-0.363974   -0.19447   0.487694
0.176211   -0.060584   0.313448
-0.217129   -0.211832   -0.118484
0.489566   0.196235   -0.360124
0.293545   -0.397485   -0.479357
0.144378   -0.319519   0.315258
-0.499032   -0.245128   0.449406
0.431549   -0.493499   0.237822
-0.0613547   -0.453694   0.15127
-0.419646   0.0377588   0.330622
0.354274   0.430041   0.238902
-0.0989476   0.0198807   -0.255664
0.0293016   0.386336   -0.465861
0.0801135   0.276622   -0.0738924
0.348539   -0.0922309   0.28768
-0.00437448   -0.315717   -0.0216274
0.0773967   -0.0114362   -0.37492
0.458239   0.247712   -0.196381
-0.142609   -0.374488   0.0553047
0.281834   0.479156   -0.0587211
-0.30309   0.123274   -0.0317521
0.205048   -0.310645   0.17509
0.302402   -0.108996   0.36338
0.0454948   -0.15724   0.292158
0.336762   0.0241088   0.0153523
-0.0917409   -0.0520018   -0.295094
0.236758   -0.430658   -0.0828649
-0.31003   -0.0826907   -0.324547
-0.196801   -0.0841798   0.121285
-0.107975   0.222641   0.275469
0.337582   -0.20305   -0.239085
0.291002   -0.31102   0.034075
0.277649   0.0284218   0.29836
0.431513   0.31877   -0.474793
-0.247441   0.41504   -0.493544
0.46877   -0.299391   -0.398243
0.0930612   0.00335034   -0.0843731
-0.427088   0.11341   -0.115719
0.35865   -0.162791   -0.325093
0.0141228   0.0575783   0.155116
0.190168   0.426465   0.412916
-0.129561   -0.179955   -0.213613
0.452021   -0.349551   0.0968986
0.0013653   0.32599   0.287319
0.488516   -0.475162   -0.402543
-0.106622   0.224281   0.0156196
0.299636   -0.471771   -0.453777
-0.35682   0.25977   0.334605
0.0713552   -0.0940756   -0.22382
-0.0170701   0.185495   -0.0132581
-0.0493298   -0.127047   0.0166182
-0.162644   -0.407002   -0.15689
-0.0271274   0.0464296   0.253525
0.141948   0.492677   -0.287421
-0.322271   -0.417588   0.263607
-0.322515   -0.0596923   -0.196179
-0.468774   -0.0556326   -0.0945
0.449143   -0.279244   -0.326383
-0.238461   -0.216362   -0.273096
0.0823916   0.134077   0.174031
-0.0888388   0.196538   -0.111667
0.476725   0.247841   0.483525
-0.213899   -0.35581   0.494222
-0.0836301   0.261166   0.396215
0.119239   0.393828   0.462609
0.331843   -0.211702   -0.444408
-0.177046   -0.000973424   0.204736
0.460639   0.162741   -0.145793
0.311396   0.112302   -0.0855864
-0.0554099   0.0540848   -0.17588
-0.0752877   0.0463812   -0.357468
-0.372686   -0.290964   0.0454103
0.218732   0.104714   -0.491565
-0.00746463   -0.32688   0.374566
-0.360669   -0.44953   0.157459
-0.31505   -0.373982   -0.21376
0.297823   0.199404   0.0852018
-0.297323   -0.16375   -0.197702
-0.380074   0.334753   0.304834
0.43176   -0.252012   0.105262
-0.20088   -0.274457   0.29603
-0.483449   -0.37343   0.282295
0.369846   0.183235   0.144463
-0.130483   -0.446126   0.302239
0.333316   -0.453978   0.467955
0.483636   0.130017   0.225195
-0.130657   -0.0935596   -0.16948
0.19709   0.320854   0.402393
0.361725   -0.423268   -0.376859
0.40744   -0.360283   -0.4972
0.0357125   -0.195327   0.425186
-0.389862   0.19444   -0.0853869
0.17782   -0.150919   0.313258
0.0233565   -0.299754   -0.420924
-0.0406215   -0.192063   0.0680078
0.466472   -0.273435   -0.0849548
0.471312   -0.485098   -0.125816
0.368979   -0.0213476   0.0995481
-0.229299   -0.370954   -0.186934
