-0.367933   1.79747   1.27244
-0.397674   -0.513558   0.288362
1.45743   -0.672693   1.13863
1.02349   2.29893   -0.575277
-1.73856   1.50284   -0.0790836
-1.73977   2.43278   -2.51942
0.181282   0.358497   -0.495935
0.188553   0.749714   0.963262
0.579233   -1.58911   0.497953
-0.847251   0.293819   0.808635
-1.15692   -1.51113   -0.111791
0.403604   0.448886   1.87031
0.816989   1.70494   0.356757
0.411545   2.21413   -0.258298
-2.29106   0.297511   1.02231
0.272919   -0.97608   -0.234267
-0.0971184   0.183789   0.137984
1.32979   1.09061   -0.824421
-0.356985   -1.38637   -0.599767
0.0343059   0.0293417   -0.897175
0.844117   -1.96213   -0.0312647
-1.16114   0.594221   -1.64805
1.25074   -0.162825   0.259715
0.717763   2.11251   -0.33341
0.151742   -1.87522   -0.00263985
-0.890894   1.39176   -1.22097
-1.02384   0.0692851   0.509639
0.886153   0.597864   1.21434
0.900599   -0.406388   -0.261862
0.770111   -1.64745   0.731056
-0.395827   1.48688   -0.851456
-0.554639   -0.840304   -0.392131
-0.936582   0.351863   0.639865
-0.0268497   1.24701   -1.1195
-0.645765   -0.370159   -0.271133
1.36108   0.194852   0.425048
0.172396   0.396518   -0.0948932
0.201932   -1.03739   1.0113
-0.000714553   1.36623   -0.263153
0.0677798   0.697618   -1.29559
-1.99059   -1.11235   0.29944
0.138477   -0.306767   -0.270255
1.63983   -0.998678   -0.653554
-0.402569   -1.32832   0.50904
2.02904   -0.235066   1.07806
0.943712   -1.42577   0.794588
-0.88421   -0.477684   0.0532777
1.06713   0.454075   1.43573
0.365914   2.41198   1.97992
-0.308354   0.41095   0.553137
-2.38336   -0.758654   0.698325
1.22206   -0.0290692   -0.10118
0.504926   -1.92609   -1.73885
-0.359748   -0.470205   1.29516
0.981918   2.19696   -1.42088
-0.387696   0.294524   0.00218235
-1.4127   0.591442   -0.469605
1.74676   0.391276   -0.799865
1.21033   -0.681647   0.974621
0.169751   0.65605   -0.350362
-0.72813   0.897087   -0.228957
-0.842305   0.218381   -2.22015
-0.179161   0.548595   -0.419793
-1.62032   0.734693   0.0124357
1.86025   1.2156   1.48483
0.406753   0.157001   1.39594
-1.67563   -1.10756   0.369194
1.50076   0.179901   2.33833
-0.778493   -0.42684   0.789172
-0.846543   -0.474626   2.42181
0.610118   -0.308358   -0.172182
2.40576   0.908098   -1.16785
-0.227926   -0.926346   -2.51232
1.38138   -0.130354   -0.497991
1.52036   -0.853856   -1.19276
-0.636985   0.0476234   -0.922688
-0.076492   -1.44217   0.532034
-0.466888   -0.84058   1.4248
-0.218029   0.429248   0.45804
-0.557846   -0.874468   -0.34449
0.44308   0.7812   -0.747946
1.47503   -1.13474   1.04166
1.43602   -0.968902   -0.749388
0.339996   -1.19238   -0.160356
-0.942374   1.62077   -0.265659
2.78956   -1.64338   -1.52142
2.64206   0.462042   -1.51117
-0.203862   -2.12253   -0.717217
-2.56006   -1.60094   0.96578
0.285435   -0.0984619   0.766875
-0.162617   -1.07352   -0.942907
0.685543   -0.172347   -1.40825
1.41796   -0.199519   0.00884255
0.405822   0.183502   1.17913
-2.2736   1.24881   -1.12909
-2.79357   -0.355853   0.317427
0.102771   -2.21833   1.43993
-1.10102   -0.76862   -0.0485018
-1.2363   -1.01675   1.18155
-2.75146   1.41101   0.191434
-1.04844   0.450003   -0.841065
-0.40825   1.68014   -0.763008
-1.16658   -0.628741   -0.398297
1.20124   0.15685   0.209849
-0.29497   0.735153   0.527613
-0.696741   0.617648   -1.47027
0.975713   -0.996355   -0.474167
-0.675652   0.27715   1.13613
